TN:
SF:/home/shen_sheng/LiteOS/components/connectivity/mqtt/MQTTClient-C/src/MQTTClient.c
FN:20,NewMessageData
FN:27,getNextPacketId
FN:33,sendPacket
FN:56,MQTTClientInit
FN:88,MQTTClientDeInit
FN:99,decodePacket
FN:127,readPacket
FN:167,MQTTTopicMatched
FN:311,deliverMessage
FN:345,keepalive
FN:372,MQTTCleanSession
FN:381,MQTTCloseSession
FN:390,cycle
FN:486,MQTTYield
FN:517,MQTTRun
FN:539,MQTTStartTask
FN:546,waitfor
FN:564,MQTTConnectWithResults
FN:619,MQTTConnect
FN:626,MQTTSetMessageHandler
FN:669,MQTTSubscribeWithResults
FN:717,MQTTSubscribe
FN:725,MQTTUnsubscribe
FN:769,MQTTPublish
FN:834,MQTTDisconnect
FNDA:25,MQTTTopicMatched
FNDA:21,readPacket
FNDA:0,MQTTSubscribeWithResults
FNDA:1,decodePacket
FNDA:3,MQTTSetMessageHandler
FNDA:1,MQTTClientDeInit
FNDA:0,MQTTConnect
FNDA:0,MQTTConnectWithResults
FNDA:0,MQTTRun
FNDA:0,MQTTStartTask
FNDA:0,MQTTSubscribe
FNDA:6,deliverMessage
FNDA:2,keepalive
FNDA:6,NewMessageData
FNDA:0,MQTTUnsubscribe
FNDA:5,sendPacket
FNDA:0,MQTTPublish
FNDA:0,waitfor
FNDA:0,MQTTYield
FNDA:1,MQTTDisconnect
FNDA:3,MQTTCleanSession
FNDA:0,getNextPacketId
FNDA:1,MQTTClientInit
FNDA:3,MQTTCloseSession
FNDA:21,cycle
FNF:25
FNH:14
BRDA:29,0,0,-
BRDA:29,0,1,-
BRDA:38,1,0,2505
BRDA:38,1,1,0
BRDA:38,2,3,2500
BRDA:38,2,4,5
BRDA:41,9999,0,0
BRDA:41,9999,1,2500
BRDA:45,0,0,0
BRDA:45,0,1,5
BRDA:63,1,0,5
BRDA:63,1,1,1
BRDA:79,9999,1,0
BRDA:79,9999,2,1
BRDA:90,0,0,1
BRDA:90,0,1,0
BRDA:111,0,0,0
BRDA:111,0,1,1
BRDA:117,9999,0,0
BRDA:117,9999,1,1
BRDA:121,0,0,0
BRDA:121,0,1,1
BRDA:135,9999,0,20
BRDA:135,9999,1,1
BRDA:143,9999,0,0
BRDA:143,9999,1,1
BRDA:150,0,0,0
BRDA:150,0,1,1
BRDA:150,1,4,-
BRDA:150,1,5,-
BRDA:157,0,0,1
BRDA:157,0,1,0
BRDA:174,0,0,0
BRDA:174,0,1,25
BRDA:178,0,0,25
BRDA:178,0,1,0
BRDA:178,1,2,0
BRDA:178,1,3,25
BRDA:185,0,0,5
BRDA:185,0,1,20
BRDA:196,0,0,25
BRDA:196,0,1,0
BRDA:196,1,2,0
BRDA:196,1,3,25
BRDA:202,0,0,25
BRDA:202,0,1,0
BRDA:202,1,2,25
BRDA:202,1,3,0
BRDA:204,0,0,0
BRDA:204,0,1,25
BRDA:204,1,2,-
BRDA:204,1,3,-
BRDA:205,0,0,0
BRDA:205,0,1,25
BRDA:205,1,2,-
BRDA:205,1,3,-
BRDA:214,1,0,62
BRDA:214,1,1,4
BRDA:214,2,2,62
BRDA:214,2,3,0
BRDA:216,0,0,32
BRDA:216,0,1,30
BRDA:218,0,0,8
BRDA:218,0,1,24
BRDA:221,0,0,0
BRDA:221,0,1,8
BRDA:221,1,2,-
BRDA:221,1,3,-
BRDA:221,2,4,-
BRDA:221,2,5,-
BRDA:230,0,0,4
BRDA:230,0,1,28
BRDA:230,1,2,0
BRDA:230,1,3,4
BRDA:235,0,0,8
BRDA:235,0,1,24
BRDA:235,1,2,0
BRDA:235,1,3,8
BRDA:235,2,4,-
BRDA:235,2,5,-
BRDA:237,0,0,-
BRDA:237,0,1,-
BRDA:237,1,2,-
BRDA:237,1,3,-
BRDA:248,0,0,9
BRDA:248,0,1,21
BRDA:251,0,0,4
BRDA:251,0,1,5
BRDA:251,1,2,0
BRDA:251,1,3,4
BRDA:256,0,0,9
BRDA:256,0,1,0
BRDA:256,1,2,0
BRDA:256,1,3,9
BRDA:261,1,0,21
BRDA:261,1,1,5
BRDA:261,2,2,17
BRDA:261,2,3,4
BRDA:265,0,0,5
BRDA:265,0,1,4
BRDA:265,1,2,0
BRDA:265,1,3,5
BRDA:271,0,0,5
BRDA:271,0,1,16
BRDA:273,0,0,0
BRDA:273,0,1,5
BRDA:273,1,2,-
BRDA:273,1,3,-
BRDA:278,0,0,5
BRDA:278,0,1,0
BRDA:291,0,0,9
BRDA:291,0,1,7
BRDA:291,1,2,4
BRDA:291,1,3,5
BRDA:291,2,4,4
BRDA:291,2,5,0
BRDA:292,0,0,4
BRDA:292,0,1,0
BRDA:292,1,2,4
BRDA:292,1,3,0
BRDA:292,2,4,4
BRDA:292,2,5,0
BRDA:302,0,0,4
BRDA:302,0,1,0
BRDA:302,1,2,0
BRDA:302,1,3,4
BRDA:302,2,4,-
BRDA:302,2,5,-
BRDA:318,2,0,30
BRDA:318,2,1,6
BRDA:320,0,0,25
BRDA:320,0,1,5
BRDA:323,9999,0,4
BRDA:323,9999,1,21
BRDA:323,0,2,4
BRDA:323,0,3,0
BRDA:333,0,0,2
BRDA:333,0,1,4
BRDA:333,1,2,2
BRDA:333,1,3,0
BRDA:349,0,0,1
BRDA:349,0,1,1
BRDA:352,0,1,0
BRDA:352,0,2,1
BRDA:352,1,4,-
BRDA:352,1,5,-
BRDA:354,0,0,-
BRDA:354,0,1,-
BRDA:362,9999,0,-
BRDA:362,9999,1,-
BRDA:362,0,3,-
BRDA:362,0,4,-
BRDA:376,2,0,15
BRDA:376,2,1,3
BRDA:385,0,0,3
BRDA:385,0,1,0
BRDA:398,9999,0,1
BRDA:398,9999,1,1
BRDA:398,9999,2,0
BRDA:398,9999,3,19
BRDA:398,9999,4,0
BRDA:398,9999,5,0
BRDA:398,9999,6,0
BRDA:417,0,1,13
BRDA:417,0,2,6
BRDA:422,9999,0,6
BRDA:422,9999,1,0
BRDA:424,0,0,4
BRDA:424,0,1,2
BRDA:426,0,0,2
BRDA:426,0,1,0
BRDA:428,0,0,1
BRDA:428,0,1,5
BRDA:436,0,0,6
BRDA:436,0,1,0
BRDA:446,0,1,-
BRDA:446,0,2,-
BRDA:448,0,0,-
BRDA:448,0,1,-
BRDA:448,3,3,-
BRDA:448,3,4,-
BRDA:456,9999,0,-
BRDA:456,9999,1,-
BRDA:459,0,0,-
BRDA:459,0,1,-
BRDA:471,0,1,0
BRDA:471,0,2,1
BRDA:478,0,0,14
BRDA:478,0,1,7
BRDA:480,0,0,1
BRDA:480,0,1,6
BRDA:499,9999,1,-
BRDA:499,9999,2,-
BRDA:511,9999,1,-
BRDA:511,9999,2,-
BRDA:552,0,1,-
BRDA:552,0,2,-
BRDA:556,9999,0,-
BRDA:556,9999,1,-
BRDA:556,0,2,-
BRDA:556,0,3,-
BRDA:574,9999,0,-
BRDA:574,9999,1,-
BRDA:580,9999,0,-
BRDA:580,9999,1,-
BRDA:586,9999,1,-
BRDA:586,9999,2,-
BRDA:588,0,1,-
BRDA:588,0,2,-
BRDA:592,0,1,-
BRDA:592,0,2,-
BRDA:596,0,1,-
BRDA:596,0,2,-
BRDA:605,0,0,-
BRDA:605,0,1,-
BRDA:632,2,0,11
BRDA:632,2,1,2
BRDA:634,0,0,1
BRDA:634,0,1,10
BRDA:634,1,2,1
BRDA:634,1,3,0
BRDA:636,0,0,1
BRDA:636,0,1,0
BRDA:646,0,0,2
BRDA:646,0,1,1
BRDA:648,0,0,2
BRDA:648,0,1,0
BRDA:650,2,0,2
BRDA:650,2,1,0
BRDA:652,0,0,2
BRDA:652,0,1,0
BRDA:659,0,0,2
BRDA:659,0,1,0
BRDA:681,9999,0,-
BRDA:681,9999,1,-
BRDA:688,9999,0,-
BRDA:688,9999,1,-
BRDA:690,0,1,-
BRDA:690,0,2,-
BRDA:693,0,1,-
BRDA:693,0,2,-
BRDA:698,0,1,-
BRDA:698,0,2,-
BRDA:700,0,0,-
BRDA:700,0,1,-
BRDA:708,0,0,-
BRDA:708,0,1,-
BRDA:736,9999,0,-
BRDA:736,9999,1,-
BRDA:742,9999,2,-
BRDA:742,9999,3,-
BRDA:744,0,1,-
BRDA:744,0,2,-
BRDA:747,0,1,-
BRDA:747,0,2,-
BRDA:750,0,1,-
BRDA:750,0,2,-
BRDA:760,0,0,-
BRDA:760,0,1,-
BRDA:780,9999,0,-
BRDA:780,9999,1,-
BRDA:784,9999,0,-
BRDA:784,9999,1,-
BRDA:789,0,0,-
BRDA:789,0,1,-
BRDA:789,1,2,-
BRDA:789,1,3,-
BRDA:794,9999,0,-
BRDA:794,9999,1,-
BRDA:796,0,1,-
BRDA:796,0,2,-
BRDA:799,0,0,-
BRDA:799,0,1,-
BRDA:801,0,1,-
BRDA:801,0,2,-
BRDA:805,0,1,-
BRDA:805,0,2,-
BRDA:811,0,0,-
BRDA:811,0,1,-
BRDA:813,0,1,-
BRDA:813,0,2,-
BRDA:817,0,1,-
BRDA:817,0,2,-
BRDA:825,0,0,-
BRDA:825,0,1,-
BRDA:847,9999,0,0
BRDA:847,9999,1,1
BRF:287
BRH:116
DA:20,6
DA:22,6
DA:23,6
DA:24,6
DA:27,0
DA:29,0
DA:33,5
DA:35,5
DA:36,5
DA:38,2505
DA:40,2500
DA:41,2500
DA:42,0
DA:43,2500
DA:45,5
DA:47,0
DA:48,0
DA:51,5
DA:52,5
DA:56,1
DA:59,1
DA:61,1
DA:63,6
DA:64,5
DA:65,1
DA:66,1
DA:67,1
DA:68,1
DA:69,1
DA:70,1
DA:71,1
DA:72,1
DA:73,1
DA:74,1
DA:75,1
DA:76,1
DA:77,1
DA:79,1
DA:81,0
DA:84,1
DA:88,1
DA:90,1
DA:91,1
DA:93,0
DA:95,1
DA:99,1
DA:102,1
DA:103,1
DA:104,1
DA:106,1
DA:109,1
DA:111,1
DA:113,0
DA:114,0
DA:116,1
DA:117,1
DA:118,0
DA:119,1
DA:120,1
DA:121,1
DA:123,1
DA:127,21
DA:129,21
DA:130,21
DA:131,21
DA:134,21
DA:135,21
DA:136,20
DA:138,1
DA:140,1
DA:141,1
DA:143,1
DA:145,0
DA:146,0
DA:150,1
DA:151,0
DA:152,0
DA:155,1
DA:156,1
DA:157,1
DA:158,1
DA:160,21
DA:167,25
DA:171,25
DA:174,25
DA:175,0
DA:176,25
DA:178,25
DA:180,0
DA:183,25
DA:185,25
DA:187,5
DA:188,5
DA:192,20
DA:193,20
DA:196,25
DA:198,0
DA:199,0
DA:202,25
DA:204,25
DA:205,25
DA:207,0
DA:211,25
DA:212,25
DA:214,66
DA:216,62
DA:218,32
DA:221,8
DA:223,0
DA:224,0
DA:225,0
DA:228,32
DA:229,32
DA:230,32
DA:232,0
DA:233,0
DA:235,32
DA:237,0
DA:239,0
DA:241,0
DA:242,0
DA:243,0
DA:248,30
DA:251,9
DA:253,0
DA:256,9
DA:258,0
DA:260,9
DA:261,26
DA:263,17
DA:265,9
DA:267,0
DA:268,0
DA:271,21
DA:273,5
DA:275,0
DA:277,5
DA:278,5
DA:280,5
DA:284,0
DA:285,0
DA:291,16
DA:292,4
DA:294,4
DA:295,4
DA:296,4
DA:298,12
DA:302,4
DA:304,4
DA:307,25
DA:311,6
DA:314,6
DA:315,6
DA:318,36
DA:320,30
DA:322,25
DA:323,25
DA:326,4
DA:327,4
DA:328,4
DA:333,6
DA:336,2
DA:337,2
DA:338,2
DA:341,6
DA:345,2
DA:347,2
DA:349,2
DA:350,1
DA:352,1
DA:354,0
DA:355,0
DA:359,0
DA:360,0
DA:361,0
DA:362,0
DA:363,0
DA:368,2
DA:372,3
DA:374,3
DA:376,18
DA:377,15
DA:378,3
DA:381,3
DA:383,3
DA:384,3
DA:385,3
DA:386,3
DA:387,3
DA:390,21
DA:392,21
DA:393,21
DA:396,21
DA:397,21
DA:398,21
DA:402,1
DA:403,1
DA:405,1
DA:410,0
DA:416,19
DA:417,19
DA:418,19
DA:419,13
DA:420,6
DA:421,6
DA:422,6
DA:424,6
DA:425,4
DA:426,2
DA:427,2
DA:428,6
DA:429,1
DA:432,5
DA:433,5
DA:434,5
DA:436,6
DA:437,6
DA:439,0
DA:446,0
DA:447,0
DA:448,0
DA:450,0
DA:453,0
DA:454,0
DA:455,0
DA:456,0
DA:457,0
DA:459,0
DA:460,0
DA:461,0
DA:465,0
DA:467,0
DA:468,0
DA:471,1
DA:474,0
DA:478,21
DA:479,14
DA:480,7
DA:481,1
DA:482,21
DA:486,0
DA:488,0
DA:491,0
DA:492,0
DA:497,0
DA:499,0
DA:501,0
DA:503,0
DA:505,0
DA:508,0
DA:511,0
DA:513,0
DA:517,0
DA:520,0
DA:522,0
DA:527,0
DA:529,0
DA:530,0
DA:532,0
DA:534,0
DA:539,0
DA:541,0
DA:546,0
DA:548,0
DA:552,0
DA:553,0
DA:554,0
DA:556,0
DA:558,0
DA:564,0
DA:567,0
DA:568,0
DA:569,0
DA:572,0
DA:574,0
DA:575,0
DA:577,0
DA:578,0
DA:580,0
DA:581,0
DA:583,0
DA:584,0
DA:585,0
DA:586,0
DA:587,0
DA:588,0
DA:589,0
DA:592,0
DA:594,0
DA:595,0
DA:596,0
DA:597,0
DA:599,0
DA:602,0
DA:605,0
DA:607,0
DA:608,0
DA:612,0
DA:615,0
DA:619,0
DA:622,0
DA:626,3
DA:628,3
DA:629,3
DA:632,13
DA:634,11
DA:636,1
DA:638,1
DA:639,1
DA:641,1
DA:642,1
DA:646,3
DA:648,2
DA:650,2
DA:652,2
DA:654,2
DA:655,2
DA:659,2
DA:661,2
DA:662,2
DA:665,3
DA:669,0
DA:672,0
DA:674,0
DA:675,0
DA:676,0
DA:679,0
DA:681,0
DA:682,0
DA:684,0
DA:685,0
DA:687,0
DA:688,0
DA:689,0
DA:690,0
DA:691,0
DA:693,0
DA:695,0
DA:697,0
DA:698,0
DA:700,0
DA:701,0
DA:705,0
DA:708,0
DA:709,0
DA:711,0
DA:713,0
DA:717,0
DA:721,0
DA:725,0
DA:727,0
DA:729,0
DA:730,0
DA:731,0
DA:734,0
DA:736,0
DA:737,0
DA:739,0
DA:740,0
DA:742,0
DA:743,0
DA:744,0
DA:745,0
DA:747,0
DA:750,0
DA:753,0
DA:757,0
DA:760,0
DA:761,0
DA:763,0
DA:765,0
DA:769,0
DA:771,0
DA:773,0
DA:774,0
DA:775,0
DA:778,0
DA:780,0
DA:781,0
DA:783,0
DA:784,0
DA:785,0
DA:787,0
DA:789,0
DA:790,0
DA:792,0
DA:793,0
DA:794,0
DA:795,0
DA:796,0
DA:797,0
DA:799,0
DA:801,0
DA:805,0
DA:806,0
DA:809,0
DA:811,0
DA:813,0
DA:817,0
DA:818,0
DA:821,0
DA:825,0
DA:826,0
DA:828,0
DA:830,0
DA:834,1
DA:836,1
DA:838,1
DA:841,1
DA:843,1
DA:844,1
DA:846,1
DA:847,1
DA:848,0
DA:849,1
DA:852,1
DA:854,1
LF:417
LH:210
end_of_record
TN:
SF:/home/shen_sheng/LiteOS/components/connectivity/mqtt/MQTTClient-C/src/liteOS/MQTTliteos.c
FN:63,TimerInit
FN:68,TimerIsExpired
FN:74,TimerCountdownMS
FN:80,TimerCountdown
FN:86,TimerLeftMS
FN:92,MutexInit
FN:101,MutexLock
FN:111,MutexUnlock
FN:121,MutexDestory
FN:130,ThreadStart
FN:138,los_mqtt_read
FN:149,los_mqtt_tls_read
FN:171,los_read
FN:202,los_write
FN:232,NetworkInit
FN:248,los_mqtt_connect
FN:265,los_mqtt_tls_connect
FN:328,NetworkConnect
FN:357,los_mqtt_disconnect
FN:369,NetworkDisconnect
FNDA:1,MutexInit
FNDA:8,TimerCountdownMS
FNDA:10,TimerInit
FNDA:0,los_read
FNDA:0,los_mqtt_disconnect
FNDA:0,los_mqtt_connect
FNDA:2507,TimerIsExpired
FNDA:0,los_mqtt_tls_connect
FNDA:0,los_write
FNDA:0,NetworkConnect
FNDA:0,los_mqtt_tls_read
FNDA:0,ThreadStart
FNDA:0,los_mqtt_read
FNDA:2523,TimerLeftMS
FNDA:2,NetworkInit
FNDA:0,MutexDestory
FNDA:0,MutexUnlock
FNDA:0,MutexLock
FNDA:0,NetworkDisconnect
FNDA:2,TimerCountdown
FNF:20
FNH:7
BRDA:89,9999,0,2500
BRDA:89,9999,1,23
BRDA:142,9999,0,-
BRDA:142,9999,1,-
BRDA:153,0,0,-
BRDA:153,0,1,-
BRDA:153,1,2,-
BRDA:153,1,3,-
BRDA:162,9999,0,-
BRDA:162,9999,1,-
BRDA:163,0,0,-
BRDA:163,0,1,-
BRDA:164,0,0,-
BRDA:164,0,1,-
BRDA:176,0,0,-
BRDA:176,0,1,-
BRDA:176,1,2,-
BRDA:176,1,3,-
BRDA:184,9999,0,-
BRDA:184,9999,1,-
BRDA:184,9999,2,-
BRDA:207,0,0,-
BRDA:207,0,1,-
BRDA:207,1,2,-
BRDA:207,1,3,-
BRDA:215,9999,0,-
BRDA:215,9999,1,-
BRDA:215,9999,2,-
BRDA:234,0,0,1
BRDA:234,0,1,1
BRDA:234,1,2,1
BRDA:234,1,3,0
BRDA:255,9999,0,-
BRDA:255,9999,1,-
BRDA:276,9999,0,-
BRDA:276,9999,1,-
BRDA:292,9999,0,-
BRDA:292,9999,1,-
BRDA:300,0,0,-
BRDA:300,0,1,-
BRDA:315,9999,0,-
BRDA:315,9999,1,-
BRDA:333,0,0,-
BRDA:333,0,1,-
BRDA:333,1,2,-
BRDA:333,1,3,-
BRDA:340,9999,0,-
BRDA:340,9999,1,-
BRDA:340,9999,2,-
BRDA:359,0,0,-
BRDA:359,0,1,-
BRDA:372,0,0,-
BRDA:372,0,1,-
BRDA:379,9999,0,-
BRDA:379,9999,1,-
BRDA:379,9999,2,-
BRF:56
BRH:5
DA:63,10
DA:65,10
DA:66,10
DA:68,2507
DA:70,2507
DA:71,2507
DA:74,8
DA:76,8
DA:77,8
DA:78,8
DA:80,2
DA:82,2
DA:83,2
DA:84,2
DA:86,2523
DA:88,2523
DA:89,2523
DA:92,1
DA:94,1
DA:99,1
DA:101,0
DA:103,0
DA:108,0
DA:111,0
DA:113,0
DA:118,0
DA:121,0
DA:123,0
DA:128,0
DA:130,0
DA:135,0
DA:138,0
DA:140,0
DA:142,0
DA:144,0
DA:146,0
DA:149,0
DA:153,0
DA:156,0
DA:159,0
DA:161,0
DA:162,0
DA:163,0
DA:164,0
DA:165,0
DA:167,0
DA:171,0
DA:173,0
DA:176,0
DA:179,0
DA:182,0
DA:184,0
DA:187,0
DA:188,0
DA:191,0
DA:192,0
DA:195,0
DA:198,0
DA:202,0
DA:204,0
DA:207,0
DA:210,0
DA:213,0
DA:215,0
DA:218,0
DA:219,0
DA:222,0
DA:223,0
DA:226,0
DA:229,0
DA:232,2
DA:234,2
DA:238,2
DA:240,0
DA:241,0
DA:242,0
DA:243,0
DA:245,2
DA:248,0
DA:252,0
DA:253,0
DA:254,0
DA:255,0
DA:258,0
DA:261,0
DA:265,0
DA:274,0
DA:276,0
DA:278,0
DA:279,0
DA:280,0
DA:281,0
DA:285,0
DA:286,0
DA:287,0
DA:289,0
DA:291,0
DA:292,0
DA:295,0
DA:298,0
DA:300,0
DA:302,0
DA:306,0
DA:308,0
DA:309,0
DA:310,0
DA:311,0
DA:312,0
DA:314,0
DA:315,0
DA:318,0
DA:321,0
DA:322,0
DA:324,0
DA:325,0
DA:328,0
DA:330,0
DA:333,0
DA:336,0
DA:339,0
DA:340,0
DA:343,0
DA:344,0
DA:347,0
DA:348,0
DA:351,0
DA:354,0
DA:357,0
DA:359,0
DA:362,0
DA:364,0
DA:366,0
DA:369,0
DA:372,0
DA:375,0
DA:378,0
DA:379,0
DA:382,0
DA:383,0
DA:386,0
DA:387,0
DA:390,0
DA:393,0
DA:395,0
LF:144
LH:24
end_of_record
